<?xml version="1.0" encoding="UTF-8"?>
<testsuite name="com.mirea.prakt.prakt2.Chebotarenko.ConvTest" tests="9" skipped="0" failures="0" errors="0" timestamp="2021-11-11T19:03:24" hostname="DESKTOP-B05SD6G" time="0.326">
  <properties/>
  <testcase name="testletters()" classname="com.mirea.prakt.prakt2.Chebotarenko.ConvTest" time="0.171"/>
  <testcase name="testpredel()" classname="com.mirea.prakt.prakt2.Chebotarenko.ConvTest" time="0.014"/>
  <testcase name="testempty()" classname="com.mirea.prakt.prakt2.Chebotarenko.ConvTest" time="0.023"/>
  <testcase name="testInvalidEnterCcCheckMethod()" classname="com.mirea.prakt.prakt2.Chebotarenko.ConvTest" time="0.017"/>
  <testcase name="testInvalidEnterInIn10ccMethod()" classname="com.mirea.prakt.prakt2.Chebotarenko.ConvTest" time="0.02"/>
  <testcase name="testIn10ccMethod()" classname="com.mirea.prakt.prakt2.Chebotarenko.ConvTest" time="0.012"/>
  <testcase name="testInvalidCcInFrom10ccMethod()" classname="com.mirea.prakt.prakt2.Chebotarenko.ConvTest" time="0.016"/>
  <testcase name="testFrom10ccMethod()" classname="com.mirea.prakt.prakt2.Chebotarenko.ConvTest" time="0.012"/>
  <testcase name="testInvalidEnterInFrom10ccMethod()" classname="com.mirea.prakt.prakt2.Chebotarenko.ConvTest" time="0.021"/>
  <system-out><![CDATA[Введите первое число: 
?[31mError!?[0m
?[32m0?[0m
Введите систему счисления первого числа: 
?[31mError!?[0m
?[32m0?[0m
Введите систему счисления второго числа: 
?[31mError!?[0m
?[32m0?[0m
исходное число:0 0cc
Oтвет: -2 0cc
Введите первое число: 
?[32m524288?[0m
Введите систему счисления первого числа: 
?[32m10?[0m
Введите систему счисления второго числа: 
?[32m2?[0m
исходное число:524288 10cc
Oтвет: -1 2cc
Введите первое число: 
?[31mError!?[0m
?[32m0?[0m
Введите систему счисления первого числа: 
?[31mError!?[0m
?[32m0?[0m
Введите систему счисления второго числа: 
?[31mError!?[0m
?[32m0?[0m
исходное число:0 0cc
Oтвет: -2 0cc
Введите первое число: 
?[32m117?[0m
Введите систему счисления первого числа: 
?[32m2?[0m
Введите систему счисления второго числа: 
?[32m10?[0m
Ошибка ввода сс.
Введите первое число: 
?[32m-69?[0m
Введите систему счисления первого числа: 
?[32m9?[0m
Введите систему счисления второго числа: 
?[32m10?[0m
исходное число:-69 9cc
Oтвет: -1 10cc
Введите первое число: 
?[32m101?[0m
Введите систему счисления первого числа: 
?[32m3?[0m
Введите систему счисления второго числа: 
?[32m10?[0m
исходное число:101 3cc
Oтвет: 10 10cc
Введите первое число: 
?[32m100?[0m
Введите систему счисления первого числа: 
?[32m10?[0m
Введите систему счисления второго числа: 
?[32m89?[0m
исходное число:100 10cc
Oтвет: -2 89cc
Введите первое число: 
?[32m101?[0m
Введите систему счисления первого числа: 
?[32m10?[0m
Введите систему счисления второго числа: 
?[32m8?[0m
исходное число:101 10cc
Oтвет: 145 8cc
Введите первое число: 
?[32m-100?[0m
Введите систему счисления первого числа: 
?[32m10?[0m
Введите систему счисления второго числа: 
?[32m5?[0m
исходное число:-100 10cc
Oтвет: -1 5cc
]]></system-out>
  <system-err><![CDATA[]]></system-err>
</testsuite>
